<?xml version="1.0" encoding="UTF-8"?>
<testng-results skipped="0" failed="0" ignored="0" total="2" passed="2">
  <reporter-output>
  </reporter-output>
  <suite name="Suite" duration-ms="6411" started-at="2020-04-20T17:00:54 EDT" finished-at="2020-04-20T17:01:01 EDT">
    <groups>
    </groups>
    <test name="Test" duration-ms="6411" started-at="2020-04-20T17:00:54 EDT" finished-at="2020-04-20T17:01:01 EDT">
      <class name="POMwithPage.POMtestnf">
        <test-method status="PASS" signature="beforeSuite()[pri:0, instance:POMwithPage.POMtestnf@3b0143d3]" name="beforeSuite" is-config="true" duration-ms="7014" started-at="2020-04-20T17:00:47 EDT" finished-at="2020-04-20T17:00:54 EDT">
          <reporter-output>
          </reporter-output>
        </test-method> <!-- beforeSuite -->
        <test-method status="PASS" signature="f()[pri:0, instance:POMwithPage.POMtestnf@3b0143d3]" name="f" duration-ms="2107" started-at="2020-04-20T17:00:54 EDT" finished-at="2020-04-20T17:00:56 EDT">
          <reporter-output>
          </reporter-output>
        </test-method> <!-- f -->
        <test-method status="PASS" signature="sendemail()[pri:0, instance:POMwithPage.POMtestnf@3b0143d3]" name="sendemail" duration-ms="4286" started-at="2020-04-20T17:00:56 EDT" finished-at="2020-04-20T17:01:01 EDT">
          <reporter-output>
          </reporter-output>
        </test-method> <!-- sendemail -->
        <test-method status="PASS" signature="afterSuite()[pri:0, instance:POMwithPage.POMtestnf@3b0143d3]" name="afterSuite" is-config="true" duration-ms="0" started-at="2020-04-20T17:01:01 EDT" finished-at="2020-04-20T17:01:01 EDT">
          <reporter-output>
          </reporter-output>
        </test-method> <!-- afterSuite -->
      </class> <!-- POMwithPage.POMtestnf -->
    </test> <!-- Test -->
  </suite> <!-- Suite -->
</testng-results>
